{"content": {"suites": {"0": {"status": {"total_pass": 4, "total_skip": 0, "total_xpass": 0, "total_xfail": 0, "total_rerun": 0, "total_fail": 2, "total_error": 0}, "tests": {"0": {"status": "PASS", "message": "", "test_name": "test_TC01_add_user_with_active_status", "rerun": "0"}, "1": {"status": "PASS", "message": "", "test_name": "test_TC02_verify_user_in_employee_lookup", "rerun": "0"}, "2": {"status": "FAIL", "message": "", "test_name": "test_TC03_reset_password_of_created_user", "rerun": "0"}, "3": {"status": "PASS", "message": "", "test_name": "test_TC04_add_user_with_disabled_status", "rerun": "0"}, "4": {"status": "PASS", "message": "", "test_name": "test_TC05_enable_and_verify_in_active_users_page", "rerun": "0"}, "5": {"status": "FAIL", "message": "                       AssertionError: \u274c Name mismatch for importuser33: Expected 'import user 23', Found ''. Screenshot: D:\\CFLOW PLAYWRIGHT\\Screenshots\\Mismatch_importuser33_Name_2025-11-21_14-47-57.png\n                   AssertionError: \u274c Error verifying Name for importuser33: \u274c Name mismatch for importuser33: Expected 'import user 23', Found ''. Screenshot: D:\\CFLOW PLAYWRIGHT\\Screenshots\\Mismatch_importuser33_Name_2025-11-21_14-47-57.png. Screenshot: D:\\CFLOW PLAYWRIGHT\\Screenshots\\VerifyFieldError_importuser33_Name_2025-11-21_14-47-57.png\n       AssertionError: \u274c Failed to verify imported users: \u274c Error verifying Name for importuser33: \u274c Name mismatch for importuser33: Expected 'import user 23', Found ''. Screenshot: D:\\CFLOW PLAYWRIGHT\\Screenshots\\Mismatch_importuser33_Name_2025-11-21_14-47-57.png. Screenshot: D:\\CFLOW PLAYWRIGHT\\Screenshots\\VerifyFieldError_importuser33_Name_2025-11-21_14-47-57.png. Screenshot: D:\\CFLOW PLAYWRIGHT\\Screenshots\\VerifyImportedUsersFailed_2025-11-21_14-47-57.png\n", "test_name": "test_TC06_verify_imported_users", "rerun": "0"}}, "suite_name": "TestCases/Admin_add_user_testcases/test_A_Admin_add_user_positive.py"}, "1": {"suite_name": "TestCases/Admin_add_user_testcases/test_A_Admin_add_user_verify_login_positive.py", "tests": {"0": {"status": "PASS", "message": "", "test_name": "test_TC07_verify_new_user_login_standalone", "rerun": "0"}}, "status": {"total_pass": 1, "total_skip": 0, "total_xpass": 0, "total_xfail": 0, "total_rerun": 0, "total_fail": 0, "total_error": 0}}, "2": {"suite_name": "TestCases/Admin_add_user_testcases/test_B_Admin_add_user_negative.py", "tests": {"0": {"status": "FAIL", "message": "       playwright._impl._errors.TimeoutError: Locator.click: Timeout 5000ms exceeded.\n       Call log:\n         - waiting for get_by_role(\"link\", name=\"Admin\")\n           - locator resolved to <a class=\"active\" href=\"/cflow/admin\" routerlinkactive=\"active\">\u2026</a>\n         - attempting click action\n           2 \u00d7 waiting for element to be visible, enabled and stable\n             - element is visible, enabled and stable\n             - scrolling into view if needed\n             - done scrolling\n             - <ngb-offcanvas-backdrop class=\"offcanvas-backdrop show\"></ngb-offcanvas-backdrop> intercepts pointer events\n           - retrying click action\n           - waiting 20ms\n           2 \u00d7 waiting for element to be visible, enabled and stable\n             - element is visible, enabled and stable\n             - scrolling into view if needed\n             - done scrolling\n             - <ngb-offcanvas-backdrop class=\"offcanvas-backdrop show\"></ngb-offcanvas-backdrop> intercepts pointer events\n           - retrying click action\n             - waiting 100ms\n           8 \u00d7 waiting for element to be visible, enabled and stable\n             - element is visible, enabled and stable\n             - scrolling into view if needed\n             - done scrolling\n             - <ngb-offcanvas-backdrop class=\"offcanvas-backdrop show\"></ngb-offcanvas-backdrop> intercepts pointer events\n           - retrying click action\n             - waiting 500ms\n           - waiting for element to be visible, enabled and stable\n       AssertionError: \u274c Test failed \u2014 Unable to click Admin-side navigation link: Locator.click: Timeout 5000ms exceeded.\n       Call log:\n         - waiting for get_by_role(\"link\", name=\"Admin\")\n           - locator resolved to <a class=\"active\" href=\"/cflow/admin\" routerlinkactive=\"active\">\u2026</a>\n         - attempting click action\n           2 \u00d7 waiting for element to be visible, enabled and stable\n             - element is visible, enabled and stable\n             - scrolling into view if needed\n             - done scrolling\n             - <ngb-offcanvas-backdrop class=\"offcanvas-backdrop show\"></ngb-offcanvas-backdrop> intercepts pointer events\n           - retrying click action\n           - waiting 20ms\n           2 \u00d7 waiting for element to be visible, enabled and stable\n             - element is visible, enabled and stable\n             - scrolling into view if needed\n             - done scrolling\n             - <ngb-offcanvas-backdrop class=\"offcanvas-backdrop show\"></ngb-offcanvas-backdrop> intercepts pointer events\n           - retrying click action\n             - waiting 100ms\n           8 \u00d7 waiting for element to be visible, enabled and stable\n             - element is visible, enabled and stable\n             - scrolling into view if needed\n             - done scrolling\n             - <ngb-offcanvas-backdrop class=\"offcanvas-backdrop show\"></ngb-offcanvas-backdrop> intercepts pointer events\n           - retrying click action\n             - waiting 500ms\n           - waiting for element to be visible, enabled and stable\n", "test_name": "test_TC01_add_user_with_duplicate_login_id", "rerun": "0"}, "1": {"status": "PASS", "message": "", "test_name": "test_TC02_add_user_with_duplicate_emp_no", "rerun": "0"}, "2": {"status": "PASS", "message": "", "test_name": "test_TC03_add_user_with_invalid_passwords", "rerun": "0"}}, "status": {"total_pass": 2, "total_skip": 0, "total_xpass": 0, "total_xfail": 0, "total_rerun": 0, "total_fail": 1, "total_error": 0}}}}, "date": "November 21, 2025", "start_time": 1763716738.7617276, "total_suite": 3, "status": "FAIL", "status_list": {"pass": "7", "fail": "3", "skip": "0", "error": "0", "xpass": "0", "xfail": "0", "rerun": "0"}, "total_tests": "10"}