{"content": {"suites": {"0": {"status": {"total_pass": 2, "total_skip": 1, "total_xpass": 0, "total_xfail": 0, "total_rerun": 0, "total_fail": 2, "total_error": 0}, "tests": {"0": {"status": "PASS", "message": "", "test_name": "test_TC01_add_user_with_active_status", "rerun": "0"}, "1": {"status": "PASS", "message": "", "test_name": "test_TC02_verify_user_in_employee_lookup", "rerun": "0"}, "2": {"status": "FAIL", "message": "       playwright._impl._errors.TimeoutError: Locator.wait_for: Timeout 5000ms exceeded.\n       Call log:\n         - waiting for get_by_role(\"link\", name=\"Admin\") to be visible\n       AssertionError: \u274c Test failed \u2014 Unable to click Admin-side navigation link: Locator.wait_for: Timeout 5000ms exceeded.\n       Call log:\n         - waiting for get_by_role(\"link\", name=\"Admin\") to be visible\n", "test_name": "test_TC04_add_user_with_disabled_status", "rerun": "0"}, "3": {"status": "SKIP", "message": "('D:\\\\CFLOW PLAYWRIGHT\\\\TestCases\\\\Admin_add_user_testcases\\\\test_A_Admin_add_user_positive.py', 181, 'Skipped: \u26a0 No disabled user from previous test \u2014 skipping.')\n", "test_name": "test_TC05_enable_and_verify_in_active_users_page", "rerun": "0"}, "4": {"status": "FAIL", "message": "       playwright._impl._errors.TimeoutError: Locator.wait_for: Timeout 5000ms exceeded.\n       Call log:\n         - waiting for get_by_role(\"link\", name=\"Admin\") to be visible\n       AssertionError: \u274c Test failed \u2014 Unable to click Admin-side navigation link: Locator.wait_for: Timeout 5000ms exceeded.\n       Call log:\n         - waiting for get_by_role(\"link\", name=\"Admin\") to be visible\n", "test_name": "test_TC06_verify_imported_users", "rerun": "0"}}, "suite_name": "TestCases/Admin_add_user_testcases/test_A_Admin_add_user_positive.py"}, "1": {"suite_name": "TestCases/Admin_add_user_testcases/test_A_Admin_add_user_verify_login_positive.py", "tests": {"0": {"status": "FAIL", "message": "       playwright._impl._errors.TargetClosedError: BrowserContext.new_page: Target page, context or browser has been closed\n", "test_name": "test_TC07_verify_new_user_login_standalone", "rerun": "0"}}, "status": {"total_pass": 0, "total_skip": 0, "total_xpass": 0, "total_xfail": 0, "total_rerun": 0, "total_fail": 1, "total_error": 0}}, "2": {"suite_name": "TestCases/Admin_add_user_testcases/test_B_Admin_add_user_negative.py", "tests": {"0": {"status": "FAIL", "message": "       playwright._impl._errors.TimeoutError: Locator.wait_for: Timeout 5000ms exceeded.\n       Call log:\n         - waiting for get_by_role(\"link\", name=\"Admin\") to be visible\n       AssertionError: \u274c Test failed \u2014 Unable to click Admin-side navigation link: Locator.wait_for: Timeout 5000ms exceeded.\n       Call log:\n         - waiting for get_by_role(\"link\", name=\"Admin\") to be visible\n", "test_name": "test_TC01_add_user_with_duplicate_login_id", "rerun": "0"}, "1": {"status": "FAIL", "message": "       playwright._impl._errors.TargetClosedError: Page.screenshot: Target page, context or browser has been closed\n", "test_name": "test_TC02_add_user_with_duplicate_emp_no", "rerun": "0"}, "2": {"status": "FAIL", "message": "       playwright._impl._errors.TargetClosedError: Page.reload: Target page, context or browser has been closed\n", "test_name": "test_TC03_add_user_with_invalid_passwords", "rerun": "0"}}, "status": {"total_pass": 0, "total_skip": 0, "total_xpass": 0, "total_xfail": 0, "total_rerun": 0, "total_fail": 3, "total_error": 0}}}}, "date": "November 24, 2025", "start_time": 1763960201.8290038, "total_suite": 3, "status": "FAIL", "status_list": {"pass": "2", "fail": "6", "skip": "1", "error": "0", "xpass": "0", "xfail": "0", "rerun": "0"}, "total_tests": "9"}