{"content": {"suites": {"0": {"status": {"total_pass": 4, "total_skip": 0, "total_xpass": 0, "total_xfail": 0, "total_rerun": 0, "total_fail": 3, "total_error": 0}, "tests": {"0": {"status": "PASS", "message": "", "test_name": "test_TC01_add_user_with_active_status", "rerun": "0"}, "1": {"status": "PASS", "message": "", "test_name": "test_TC02_verify_user_in_employee_lookup", "rerun": "0"}, "2": {"status": "PASS", "message": "", "test_name": "test_TC03_reset_password_of_created_user", "rerun": "0"}, "3": {"status": "PASS", "message": "", "test_name": "test_TC04_add_user_with_disabled_status", "rerun": "0"}, "4": {"status": "FAIL", "message": "       playwright._impl._errors.TimeoutError: Locator.wait_for: Timeout 10000ms exceeded.\n       Call log:\n         - waiting for locator(\"//p[normalize-space()=\\\"User_nqsxk\\\"]/ancestor::div[contains(@class,\\\"admin-grid-item\\\")]//input[@aria-label=\\\"User Status\\\"]\")\n       AssertionError: \u274c Test failed \u2014 Unable to verify toggle for 'User_nqsxk': Locator.wait_for: Timeout 10000ms exceeded.\n       Call log:\n         - waiting for locator(\"//p[normalize-space()=\\\"User_nqsxk\\\"]/ancestor::div[contains(@class,\\\"admin-grid-item\\\")]//input[@aria-label=\\\"User Status\\\"]\")\n", "test_name": "test_TC05_enable_and_verify_in_active_users_page", "rerun": "0"}, "5": {"status": "FAIL", "message": "", "test_name": "test_TC06_verify_imported_users", "rerun": "0"}, "6": {"status": "FAIL", "message": "       playwright._impl._errors.TimeoutError: Locator.wait_for: Timeout 5000ms exceeded.\n       Call log:\n         - waiting for get_by_role(\"link\", name=\"Admin\") to be visible\n       AssertionError: \u274c Test failed \u2014 Unable to click Admin-side navigation link: Locator.wait_for: Timeout 5000ms exceeded.\n       Call log:\n         - waiting for get_by_role(\"link\", name=\"Admin\") to be visible\n", "test_name": "test_TC07_verify_new_user_login_standalone", "rerun": "0"}}, "suite_name": "TestCases/Admin_add_user_testcases/test_A_Admin_add_user_positive.py"}}}, "date": "November 24, 2025", "start_time": 1763962648.2834013, "total_suite": 1, "status": "FAIL", "status_list": {"pass": "4", "fail": "3", "skip": "0", "error": "0", "xpass": "0", "xfail": "0", "rerun": "0"}, "total_tests": "7"}