{"content": {"suites": {"0": {"status": {"total_pass": 2, "total_skip": 0, "total_xpass": 0, "total_xfail": 0, "total_rerun": 0, "total_fail": 1, "total_error": 0}, "tests": {"0": {"status": "PASS", "message": "", "test_name": "test_add_user_with_active_status", "rerun": "0"}, "1": {"status": "PASS", "message": "", "test_name": "test_add_user_with_disabled_status", "rerun": "0"}, "2": {"status": "FAIL", "message": "       playwright._impl._errors.TimeoutError: Locator.wait_for: Timeout 5000ms exceeded.\n       Call log:\n         - waiting for locator(\"//p[normalize-space()=\\\"User_asbdg\\\"]/ancestor::div[contains(@class,\\\"admin-grid-item\\\")]//input[@aria-label=\\\"User Status\\\"]\") to be visible\n           15 \u00d7 locator resolved to hidden <input type=\"checkbox\" aria-label=\"User Status\" _ngcontent-ng-c3141948947=\"\" class=\"ng-untouched ng-pristine ng-valid\"/>\n       AssertionError: \u274c Test failed \u2014 Element not visible or scroll failed: User_asbdg Toggle: Locator.wait_for: Timeout 5000ms exceeded.\n       Call log:\n         - waiting for locator(\"//p[normalize-space()=\\\"User_asbdg\\\"]/ancestor::div[contains(@class,\\\"admin-grid-item\\\")]//input[@aria-label=\\\"User Status\\\"]\") to be visible\n           15 \u00d7 locator resolved to hidden <input type=\"checkbox\" aria-label=\"User Status\" _ngcontent-ng-c3141948947=\"\" class=\"ng-untouched ng-pristine ng-valid\"/>\n       AssertionError: \u274c Test failed while enabling toggle for 'User_asbdg': \u274c Test failed \u2014 Element not visible or scroll failed: User_asbdg Toggle: Locator.wait_for: Timeout 5000ms exceeded.\n       Call log:\n         - waiting for locator(\"//p[normalize-space()=\\\"User_asbdg\\\"]/ancestor::div[contains(@class,\\\"admin-grid-item\\\")]//input[@aria-label=\\\"User Status\\\"]\") to be visible\n           15 \u00d7 locator resolved to hidden <input type=\"checkbox\" aria-label=\"User Status\" _ngcontent-ng-c3141948947=\"\" class=\"ng-untouched ng-pristine ng-valid\"/>\n", "test_name": "test_enable_and_verify_active_user", "rerun": "0"}}, "suite_name": "TestCases/Admin_add_user_testcases/test_A_Admin_add_user_positive.py"}}}, "date": "November 11, 2025", "start_time": 1762878695.8278112, "total_suite": 1, "status": "FAIL", "status_list": {"pass": "2", "fail": "1", "skip": "0", "error": "0", "xpass": "0", "xfail": "0", "rerun": "0"}, "total_tests": "3"}